2021-10-10T19:55:59.401247+0800 INFO 这是一条info日志
2021-10-10T19:55:59.401247+0800 WARNING 这是一条warning日志
2021-10-10T19:55:59.401247+0800 SUCCESS 这是一条success日志
2021-10-10T19:55:59.401247+0800 ERROR 这是一条error日志
2021-10-10T20:13:11.570169+0800 INFO 这是一条info日志
2021-10-10T20:13:11.570169+0800 WARNING 这是一条warning日志
2021-10-10T20:13:11.570169+0800 SUCCESS 这是一条success日志
2021-10-10T20:13:11.571146+0800 ERROR 这是一条error日志
2021-10-10T20:13:11.571146+0800 INFO 12
2021-10-10T20:13:11.571146+0800 INFO 12
2021-10-10 at 20:16:57 | INFO |这是一条info日志
2021-10-10 at 20:16:57 | WARNING |这是一条warning日志
2021-10-10 at 20:16:57 | SUCCESS |这是一条success日志
2021-10-10 at 20:16:57 | ERROR |这是一条error日志
2021-10-10 at 20:16:57 | INFO |12
2021-10-10 at 20:16:57 | INFO |12
2021-10-10 at 20:17:36   INFO  这是一条info日志
2021-10-10 at 20:17:36   WARNING  这是一条warning日志
2021-10-10 at 20:17:36   SUCCESS  这是一条success日志
2021-10-10 at 20:17:36   ERROR  这是一条error日志
2021-10-10 at 20:17:36   INFO  12
2021-10-10 at 20:17:36   INFO  12
